<?xml version="1.0" encoding="UTF-8"?>
<testsuite xmlns:xsi="http://www.w3.org/2001/XMLSchema-instance" xsi:noNamespaceSchemaLocation="https://maven.apache.org/surefire/maven-surefire-plugin/xsd/surefire-test-report.xsd" name="TestDButil" time="0.042" tests="1" errors="0" skipped="0" failures="0">
  <properties>
    <property name="sun.desktop" value="windows"/>
    <property name="awt.toolkit" value="sun.awt.windows.WToolkit"/>
    <property name="file.encoding.pkg" value="sun.io"/>
    <property name="java.specification.version" value="1.8"/>
    <property name="sun.cpu.isalist" value="amd64"/>
    <property name="sun.jnu.encoding" value="GBK"/>
    <property name="java.class.path" value="E:\JavaWeb\JavaWebDesign\target\test-classes;E:\JavaWeb\JavaWebDesign\target\classes;E:\java\maven\repository\junit\junit\4.11\junit-4.11.jar;E:\java\maven\repository\org\hamcrest\hamcrest-core\1.3\hamcrest-core-1.3.jar;E:\java\maven\repository\org\testcontainers\mysql\1.15.1\mysql-1.15.1.jar;E:\java\maven\repository\org\testcontainers\jdbc\1.15.1\jdbc-1.15.1.jar;E:\java\maven\repository\org\testcontainers\database-commons\1.15.1\database-commons-1.15.1.jar;E:\java\maven\repository\org\testcontainers\testcontainers\1.15.1\testcontainers-1.15.1.jar;E:\java\maven\repository\org\slf4j\slf4j-api\1.7.30\slf4j-api-1.7.30.jar;E:\java\maven\repository\org\apache\commons\commons-compress\1.20\commons-compress-1.20.jar;E:\java\maven\repository\org\rnorth\duct-tape\duct-tape\1.0.8\duct-tape-1.0.8.jar;E:\java\maven\repository\org\rnorth\visible-assertions\visible-assertions\2.1.2\visible-assertions-2.1.2.jar;E:\java\maven\repository\net\java\dev\jna\jna\5.2.0\jna-5.2.0.jar;E:\java\maven\repository\com\github\docker-java\docker-java-api\3.2.7\docker-java-api-3.2.7.jar;E:\java\maven\repository\com\fasterxml\jackson\core\jackson-annotations\2.10.3\jackson-annotations-2.10.3.jar;E:\java\maven\repository\com\github\docker-java\docker-java-transport-zerodep\3.2.7\docker-java-transport-zerodep-3.2.7.jar;E:\java\maven\repository\com\github\docker-java\docker-java-transport\3.2.7\docker-java-transport-3.2.7.jar;E:\java\maven\repository\commons-beanutils\commons-beanutils\1.9.3\commons-beanutils-1.9.3.jar;E:\java\maven\repository\commons-logging\commons-logging\1.2\commons-logging-1.2.jar;E:\java\maven\repository\commons-collections\commons-collections\3.2.2\commons-collections-3.2.2.jar;E:\java\maven\repository\mysql\mysql-connector-java\8.0.20\mysql-connector-java-8.0.20.jar;E:\java\maven\repository\com\google\protobuf\protobuf-java\3.6.1\protobuf-java-3.6.1.jar;E:\java\maven\repository\com\alibaba\druid\1.1.21\druid-1.1.21.jar;E:\java\maven\repository\javax\servlet\javax.servlet-api\4.0.1\javax.servlet-api-4.0.1.jar;E:\java\maven\repository\org\apache\taglibs\taglibs-standard-spec\1.2.5\taglibs-standard-spec-1.2.5.jar;E:\java\maven\repository\org\apache\taglibs\taglibs-standard-impl\1.2.5\taglibs-standard-impl-1.2.5.jar;"/>
    <property name="java.vm.vendor" value="Oracle Corporation"/>
    <property name="sun.arch.data.model" value="64"/>
    <property name="user.variant" value=""/>
    <property name="java.vendor.url" value="http://java.oracle.com/"/>
    <property name="user.timezone" value="GMT+08:00"/>
    <property name="java.vm.specification.version" value="1.8"/>
    <property name="os.name" value="Windows 10"/>
    <property name="user.country" value="CN"/>
    <property name="sun.java.launcher" value="SUN_STANDARD"/>
    <property name="sun.boot.library.path" value="E:\java\jdk1.8.0_201\jre\bin"/>
    <property name="sun.java.command" value="C:\Users\PMY\AppData\Local\Temp\surefire7799158835715584613\surefirebooter3217291765689910421.jar C:\Users\PMY\AppData\Local\Temp\surefire7799158835715584613 2020-12-29T18-53-57_035-jvmRun1 surefire7068148517578903641tmp surefire_0838294914331204459tmp"/>
    <property name="surefire.test.class.path" value="E:\JavaWeb\JavaWebDesign\target\test-classes;E:\JavaWeb\JavaWebDesign\target\classes;E:\java\maven\repository\junit\junit\4.11\junit-4.11.jar;E:\java\maven\repository\org\hamcrest\hamcrest-core\1.3\hamcrest-core-1.3.jar;E:\java\maven\repository\org\testcontainers\mysql\1.15.1\mysql-1.15.1.jar;E:\java\maven\repository\org\testcontainers\jdbc\1.15.1\jdbc-1.15.1.jar;E:\java\maven\repository\org\testcontainers\database-commons\1.15.1\database-commons-1.15.1.jar;E:\java\maven\repository\org\testcontainers\testcontainers\1.15.1\testcontainers-1.15.1.jar;E:\java\maven\repository\org\slf4j\slf4j-api\1.7.30\slf4j-api-1.7.30.jar;E:\java\maven\repository\org\apache\commons\commons-compress\1.20\commons-compress-1.20.jar;E:\java\maven\repository\org\rnorth\duct-tape\duct-tape\1.0.8\duct-tape-1.0.8.jar;E:\java\maven\repository\org\rnorth\visible-assertions\visible-assertions\2.1.2\visible-assertions-2.1.2.jar;E:\java\maven\repository\net\java\dev\jna\jna\5.2.0\jna-5.2.0.jar;E:\java\maven\repository\com\github\docker-java\docker-java-api\3.2.7\docker-java-api-3.2.7.jar;E:\java\maven\repository\com\fasterxml\jackson\core\jackson-annotations\2.10.3\jackson-annotations-2.10.3.jar;E:\java\maven\repository\com\github\docker-java\docker-java-transport-zerodep\3.2.7\docker-java-transport-zerodep-3.2.7.jar;E:\java\maven\repository\com\github\docker-java\docker-java-transport\3.2.7\docker-java-transport-3.2.7.jar;E:\java\maven\repository\commons-beanutils\commons-beanutils\1.9.3\commons-beanutils-1.9.3.jar;E:\java\maven\repository\commons-logging\commons-logging\1.2\commons-logging-1.2.jar;E:\java\maven\repository\commons-collections\commons-collections\3.2.2\commons-collections-3.2.2.jar;E:\java\maven\repository\mysql\mysql-connector-java\8.0.20\mysql-connector-java-8.0.20.jar;E:\java\maven\repository\com\google\protobuf\protobuf-java\3.6.1\protobuf-java-3.6.1.jar;E:\java\maven\repository\com\alibaba\druid\1.1.21\druid-1.1.21.jar;E:\java\maven\repository\javax\servlet\javax.servlet-api\4.0.1\javax.servlet-api-4.0.1.jar;E:\java\maven\repository\org\apache\taglibs\taglibs-standard-spec\1.2.5\taglibs-standard-spec-1.2.5.jar;E:\java\maven\repository\org\apache\taglibs\taglibs-standard-impl\1.2.5\taglibs-standard-impl-1.2.5.jar;"/>
    <property name="sun.cpu.endian" value="little"/>
    <property name="user.home" value="C:\Users\PMY"/>
    <property name="user.language" value="zh"/>
    <property name="java.specification.vendor" value="Oracle Corporation"/>
    <property name="java.home" value="E:\java\jdk1.8.0_201\jre"/>
    <property name="basedir" value="E:\JavaWeb\JavaWebDesign"/>
    <property name="file.separator" value="\"/>
    <property name="line.separator" value="&#10;"/>
    <property name="java.vm.specification.vendor" value="Oracle Corporation"/>
    <property name="java.specification.name" value="Java Platform API Specification"/>
    <property name="java.awt.graphicsenv" value="sun.awt.Win32GraphicsEnvironment"/>
    <property name="surefire.real.class.path" value="C:\Users\PMY\AppData\Local\Temp\surefire7799158835715584613\surefirebooter3217291765689910421.jar"/>
    <property name="sun.boot.class.path" value="E:\java\jdk1.8.0_201\jre\lib\resources.jar;E:\java\jdk1.8.0_201\jre\lib\rt.jar;E:\java\jdk1.8.0_201\jre\lib\sunrsasign.jar;E:\java\jdk1.8.0_201\jre\lib\jsse.jar;E:\java\jdk1.8.0_201\jre\lib\jce.jar;E:\java\jdk1.8.0_201\jre\lib\charsets.jar;E:\java\jdk1.8.0_201\jre\lib\jfr.jar;E:\java\jdk1.8.0_201\jre\classes"/>
    <property name="user.script" value=""/>
    <property name="sun.management.compiler" value="HotSpot 64-Bit Tiered Compilers"/>
    <property name="java.runtime.version" value="1.8.0_201-b09"/>
    <property name="user.name" value="PMY"/>
    <property name="path.separator" value=";"/>
    <property name="os.version" value="10.0"/>
    <property name="java.endorsed.dirs" value="E:\java\jdk1.8.0_201\jre\lib\endorsed"/>
    <property name="java.runtime.name" value="Java(TM) SE Runtime Environment"/>
    <property name="file.encoding" value="GBK"/>
    <property name="java.vm.name" value="Java HotSpot(TM) 64-Bit Server VM"/>
    <property name="localRepository" value="E:\java\maven\repository"/>
    <property name="java.vendor.url.bug" value="http://bugreport.sun.com/bugreport/"/>
    <property name="java.io.tmpdir" value="C:\Users\PMY\AppData\Local\Temp\"/>
    <property name="java.version" value="1.8.0_201"/>
    <property name="user.dir" value="E:\JavaWeb\JavaWebDesign"/>
    <property name="os.arch" value="amd64"/>
    <property name="java.vm.specification.name" value="Java Virtual Machine Specification"/>
    <property name="java.awt.printerjob" value="sun.awt.windows.WPrinterJob"/>
    <property name="sun.os.patch.level" value=""/>
    <property name="idea.version2019.3.3" value="true"/>
    <property name="java.library.path" value="E:\java\jdk1.8.0_201\jre\bin;C:\WINDOWS\Sun\Java\bin;C:\WINDOWS\system32;C:\WINDOWS;C:\Program Files (x86)\Common Files\Oracle\Java\javapath;E:\java\jdk1.8.0_201\bin;C:\Program Files (x86)\Intel\Intel(R) Management Engine Components\iCLS\;C:\Program Files\Intel\Intel(R) Management Engine Components\iCLS\;C:\windows\system32;C:\windows;C:\windows\System32\Wbem;C:\windows\System32\WindowsPowerShell\v1.0\;C:\windows\System32\OpenSSH\;C:\Program Files (x86)\Intel\Intel(R) Management Engine Components\DAL;C:\Program Files\Intel\Intel(R) Management Engine Components\DAL;C:\Program Files (x86)\Intel\Intel(R) Management Engine Components\IPT;C:\Program Files\Intel\Intel(R) Management Engine Components\IPT;C:\Program Files (x86)\NVIDIA Corporation\PhysX\Common;C:\Program Files\Intel\WiFi\bin\;C:\Program Files\Common Files\Intel\WirelessCommon\;C:\WINDOWS\system32;C:\WINDOWS;C:\WINDOWS\System32\Wbem;C:\WINDOWS\System32\WindowsPowerShell\v1.0\;C:\WINDOWS\System32\OpenSSH\;.;E:\java\jdk1.8.0_201\lib;E:\java\jdk1.8.0_201\lib\tool.jar;mysql-connector-java-8.0.20.jar\mysql-connector-java-8.0.20.jar;C:\Program Files (x86)\Microsoft SQL Server\130\Tools\Binn\;C:\Program Files\Microsoft SQL Server\130\Tools\Binn\;C:\Program Files (x86)\Microsoft SQL Server\130\DTS\Binn\;C:\Program Files\Microsoft SQL Server\130\DTS\Binn\;C:\Program Files\Microsoft SQL Server\Client SDK\ODBC\130\Tools\Binn\;C:\Program Files (x86)\Microsoft SQL Server\150\DTS\Binn\;C:\Program Files\dotnet\;C:\Program Files\Microsoft SQL Server\Client SDK\ODBC\170\Tools\Binn\;E:\MySql\mysql-8.0.20-winx64\bin;F:\Git\cmd;%MAVEN_HOME%\bin;C:\Users\PMY\AppData\Local\Microsoft\WindowsApps;;."/>
    <property name="java.vm.info" value="mixed mode"/>
    <property name="java.vendor" value="Oracle Corporation"/>
    <property name="java.vm.version" value="25.201-b09"/>
    <property name="java.ext.dirs" value="E:\java\jdk1.8.0_201\jre\lib\ext;C:\WINDOWS\Sun\Java\lib\ext"/>
    <property name="sun.io.unicode.encoding" value="UnicodeLittle"/>
    <property name="java.class.version" value="52.0"/>
  </properties>
  <testcase name="ff" classname="TestDButil" time="0.002"/>
</testsuite>